Using pre-set license
Built from '2021.3/staging' branch; Version is '2021.3.20f1 (577897200b8b) revision 5732503'; Using compiler version '192829333'; Build Type 'Release'
OS: 'Windows 10  (10.0.19045) 64bit Professional' Language: 'es' Physical Memory: 12192 MB
BatchMode: 1, IsHumanControllingUs: 0, StartBugReporterOnCrash: 0, Is64bit: 1, IsPro: 1

COMMAND LINE ARGUMENTS:
C:\Program Files\Unity\Hub\Editor\2021.3.20f1\Editor\Unity.exe
-adb2
-batchMode
-noUpm
-name
AssetImportWorker0
-projectPath
C:/Users/HP/Documents/GitHub/JetCar0/Jet Car
-logFile
Logs/AssetImportWorker0.log
-srvPort
50355
Successfully changed project path to: C:/Users/HP/Documents/GitHub/JetCar0/Jet Car
C:/Users/HP/Documents/GitHub/JetCar0/Jet Car
[UnityMemory] Configuration Parameters - Can be set up in boot.config
    "memorysetup-bucket-allocator-granularity=16"
    "memorysetup-bucket-allocator-bucket-count=8"
    "memorysetup-bucket-allocator-block-size=33554432"
    "memorysetup-bucket-allocator-block-count=8"
    "memorysetup-main-allocator-block-size=16777216"
    "memorysetup-thread-allocator-block-size=16777216"
    "memorysetup-gfx-main-allocator-block-size=16777216"
    "memorysetup-gfx-thread-allocator-block-size=16777216"
    "memorysetup-cache-allocator-block-size=4194304"
    "memorysetup-typetree-allocator-block-size=2097152"
    "memorysetup-profiler-bucket-allocator-granularity=16"
    "memorysetup-profiler-bucket-allocator-bucket-count=8"
    "memorysetup-profiler-bucket-allocator-block-size=33554432"
    "memorysetup-profiler-bucket-allocator-block-count=8"
    "memorysetup-profiler-allocator-block-size=16777216"
    "memorysetup-profiler-editor-allocator-block-size=1048576"
    "memorysetup-temp-allocator-size-main=16777216"
    "memorysetup-job-temp-allocator-block-size=2097152"
    "memorysetup-job-temp-allocator-block-size-background=1048576"
    "memorysetup-job-temp-allocator-reduction-small-platforms=262144"
    "memorysetup-temp-allocator-size-background-worker=32768"
    "memorysetup-temp-allocator-size-job-worker=262144"
    "memorysetup-temp-allocator-size-preload-manager=33554432"
    "memorysetup-temp-allocator-size-nav-mesh-worker=65536"
    "memorysetup-temp-allocator-size-audio-worker=65536"
    "memorysetup-temp-allocator-size-cloud-worker=32768"
    "memorysetup-temp-allocator-size-gi-baking-worker=262144"
    "memorysetup-temp-allocator-size-gfx=262144"
Player connection [4856] Host "[IP] 192.168.1.70 [Port] 0 [Flags] 2 [Guid] 4028798287 [EditorId] 4028798287 [Version] 1048832 [Id] WindowsEditor(7,DESKTOP-2DG3946) [Debug] 1 [PackageName] WindowsEditor [ProjectName] Editor" joined multi-casting on [225.0.0.222:54997]...

Player connection [4856] Host "[IP] 192.168.1.70 [Port] 0 [Flags] 2 [Guid] 4028798287 [EditorId] 4028798287 [Version] 1048832 [Id] WindowsEditor(7,DESKTOP-2DG3946) [Debug] 1 [PackageName] WindowsEditor [ProjectName] Editor" joined alternative multi-casting on [225.0.0.222:34997]...

Refreshing native plugins compatible for Editor in 281.67 ms, found 3 plugins.
Preloading 0 native plugins for Editor in 0.00 ms.
Initialize engine version: 2021.3.20f1 (577897200b8b)
[Subsystems] Discovering subsystems at path C:/Program Files/Unity/Hub/Editor/2021.3.20f1/Editor/Data/Resources/UnitySubsystems
[Subsystems] Discovering subsystems at path C:/Users/HP/Documents/GitHub/JetCar0/Jet Car/Assets
GfxDevice: creating device client; threaded=0; jobified=0
Direct3D:
    Version:  Direct3D 11.0 [level 10.1]
    Renderer: Intel(R) HD Graphics (ID=0x102)
    Vendor:   Intel
    VRAM:     128 MB
    Driver:   9.17.10.4459
Initialize mono
Mono path[0] = 'C:/Program Files/Unity/Hub/Editor/2021.3.20f1/Editor/Data/Managed'
Mono path[1] = 'C:/Program Files/Unity/Hub/Editor/2021.3.20f1/Editor/Data/MonoBleedingEdge/lib/mono/unityjit-win32'
Mono config path = 'C:/Program Files/Unity/Hub/Editor/2021.3.20f1/Editor/Data/MonoBleedingEdge/etc'
Using monoOptions --debugger-agent=transport=dt_socket,embedding=1,server=y,suspend=n,address=127.0.0.1:56048
Begin MonoManager ReloadAssembly
Registering precompiled unity dll's ...
Register platform support module: C:/Program Files/Unity/Hub/Editor/2021.3.20f1/Editor/Data/PlaybackEngines/WebGLSupport/UnityEditor.WebGL.Extensions.dll
Register platform support module: C:/Program Files/Unity/Hub/Editor/2021.3.20f1/Editor/Data/PlaybackEngines/MacStandaloneSupport/UnityEditor.OSXStandalone.Extensions.dll
Register platform support module: C:/Program Files/Unity/Hub/Editor/2021.3.20f1/Editor/Data/PlaybackEngines/AndroidPlayer/UnityEditor.Android.Extensions.dll
Register platform support module: C:/Program Files/Unity/Hub/Editor/2021.3.20f1/Editor/Data/PlaybackEngines/iOSSupport/UnityEditor.iOS.Extensions.dll
Register platform support module: C:/Program Files/Unity/Hub/Editor/2021.3.20f1/Editor/Data/PlaybackEngines/WindowsStandaloneSupport/UnityEditor.WindowsStandalone.Extensions.dll
Register platform support module: C:/Program Files/Unity/Hub/Editor/2021.3.20f1/Editor/Data/PlaybackEngines/LinuxStandaloneSupport/UnityEditor.LinuxStandalone.Extensions.dll
Register platform support module: C:/Program Files/Unity/Hub/Editor/2021.3.20f1/Editor/Data/PlaybackEngines/MetroSupport/UnityEditor.UWP.Extensions.dll
Registered in 0.042965 seconds.
Native extension for UWP target not found
Native extension for LinuxStandalone target not found
Native extension for WindowsStandalone target not found
[usbmuxd] Start listen thread
[usbmuxd] Listen thread started
Native extension for iOS target not found
Native extension for Android target not found
Android Extension - Scanning For ADB Devices 1405 ms
Native extension for OSXStandalone target not found
Native extension for WebGL target not found
Refreshing native plugins compatible for Editor in 312.76 ms, found 3 plugins.
Preloading 0 native plugins for Editor in 0.00 ms.
Mono: successfully reloaded assembly
- Completed reload, in  3.824 seconds
Domain Reload Profiling:
	ReloadAssembly (3826ms)
		BeginReloadAssembly (259ms)
			ExecutionOrderSort (0ms)
			DisableScriptedObjects (0ms)
			BackupInstance (0ms)
			ReleaseScriptingObjects (0ms)
			CreateAndSetChildDomain (1ms)
		EndReloadAssembly (3273ms)
			LoadAssemblies (255ms)
			RebuildTransferFunctionScriptingTraits (0ms)
			SetupTypeCache (288ms)
			ReleaseScriptCaches (0ms)
			RebuildScriptCaches (63ms)
			SetupLoadedEditorAssemblies (2804ms)
				LogAssemblyErrors (0ms)
				InitializePlatformSupportModulesInManaged (2088ms)
				SetLoadedEditorAssemblies (1ms)
				RefreshPlugins (313ms)
				BeforeProcessingInitializeOnLoad (3ms)
				ProcessInitializeOnLoadAttributes (286ms)
				ProcessInitializeOnLoadMethodAttributes (113ms)
				AfterProcessingInitializeOnLoad (0ms)
				EditorAssembliesLoaded (0ms)
			ExecutionOrderSort2 (0ms)
			AwakeInstancesAfterBackupRestoration (0ms)
Platform modules already initialized, skipping
Registering precompiled user dll's ...
Registered in 0.018822 seconds.
Begin MonoManager ReloadAssembly
Symbol file LoadedFromMemory doesn't match image C:\Users\HP\Documents\GitHub\JetCar0\Jet Car\Library\PackageCache\com.unity.visualscripting@1.8.0\Editor\VisualScripting.Core\Dependencies\YamlDotNet\Unity.VisualScripting.YamlDotNet.dll
Symbol file LoadedFromMemory doesn't match image C:\Users\HP\Documents\GitHub\JetCar0\Jet Car\Library\PackageCache\com.unity.visualscripting@1.8.0\Editor\VisualScripting.Core\Dependencies\DotNetZip\Unity.VisualScripting.IonicZip.dll
Native extension for UWP target not found
Native extension for LinuxStandalone target not found
Native extension for WindowsStandalone target not found
Native extension for iOS target not found
Native extension for Android target not found
Native extension for OSXStandalone target not found
Native extension for WebGL target not found
Refreshing native plugins compatible for Editor in 1.23 ms, found 3 plugins.
Preloading 0 native plugins for Editor in 0.00 ms.
Mono: successfully reloaded assembly
- Completed reload, in  4.301 seconds
Domain Reload Profiling:
	ReloadAssembly (4302ms)
		BeginReloadAssembly (303ms)
			ExecutionOrderSort (0ms)
			DisableScriptedObjects (13ms)
			BackupInstance (0ms)
			ReleaseScriptingObjects (0ms)
			CreateAndSetChildDomain (40ms)
		EndReloadAssembly (3745ms)
			LoadAssemblies (234ms)
			RebuildTransferFunctionScriptingTraits (0ms)
			SetupTypeCache (781ms)
			ReleaseScriptCaches (1ms)
			RebuildScriptCaches (289ms)
			SetupLoadedEditorAssemblies (2230ms)
				LogAssemblyErrors (0ms)
				InitializePlatformSupportModulesInManaged (144ms)
				SetLoadedEditorAssemblies (1ms)
				RefreshPlugins (1ms)
				BeforeProcessingInitializeOnLoad (344ms)
				ProcessInitializeOnLoadAttributes (1644ms)
				ProcessInitializeOnLoadMethodAttributes (64ms)
				AfterProcessingInitializeOnLoad (31ms)
				EditorAssembliesLoaded (0ms)
			ExecutionOrderSort2 (0ms)
			AwakeInstancesAfterBackupRestoration (19ms)
Platform modules already initialized, skipping
========================================================================
Worker process is ready to serve import requests
Launched and connected shader compiler UnityShaderCompiler.exe after 0.22 seconds
Refreshing native plugins compatible for Editor in 1.26 ms, found 3 plugins.
Preloading 0 native plugins for Editor in 0.00 ms.
Unloading 3189 Unused Serialized files (Serialized files now loaded: 0)
Unloading 42 unused Assets / (1.5 MB). Loaded Objects now: 3657.
Memory consumption went from 133.4 MB to 131.9 MB.
Total: 8.952800 ms (FindLiveObjects: 0.571000 ms CreateObjectMapping: 0.205700 ms MarkObjects: 7.431700 ms  DeleteObjects: 0.741800 ms)

AssetImportParameters requested are different than current active one (requested -> active):
  custom:video-decoder-ogg-theora: a1e56fd34408186e4bbccfd4996cb3dc -> 
  custom:container-muxer-webm: aa71ff27fc2769a1b78a27578f13a17b -> 
  custom:container-demuxer-webm: 4f35f7cbe854078d1ac9338744f61a02 -> 
  custom:video-encoder-webm-vp8: eb34c28f22e8b96e1ab97ce403110664 -> 
  custom:audio-encoder-webm-vorbis: bf7c407c2cedff20999df2af8eb42d56 -> 
  custom:framework-win-MediaFoundation: 216162199b28c13a410421893ffa2e32 -> 
  custom:container-demuxer-ogg: 62fdf1f143b41e24485cea50d1cbac27 -> 
  custom:video-decoder-webm-vp8: 9c59270c3fd7afecdb556c50c9e8de78 -> 
  custom:audio-decoder-ogg-vorbis: bf7c407c2cedff20999df2af8eb42d56 -> 
========================================================================
Received Import Request.
  Time since last request: 550.651101 seconds.
  path: Assets/Textures 1/asfalto.jpg
  artifactKey: Guid(477baed60d6ba9e46bd8c3b655eeac66) Importer(815301076,1909f56bfc062723c751e8b465ee728b)
Start importing Assets/Textures 1/asfalto.jpg using Guid(477baed60d6ba9e46bd8c3b655eeac66) Importer(815301076,1909f56bfc062723c751e8b465ee728b)  -> (artifact id: 'e8d9e4785ee88ac584a8361d6f66d2b8') in 0.266975 seconds 
========================================================================
Received Import Request.
  Time since last request: 0.000149 seconds.
  path: Assets/Textures 1/Asphalt 1.mat
  artifactKey: Guid(b9ddf37d4eb13d342958e47d8ae1aac6) Importer(815301076,1909f56bfc062723c751e8b465ee728b)
Start importing Assets/Textures 1/Asphalt 1.mat using Guid(b9ddf37d4eb13d342958e47d8ae1aac6) Importer(815301076,1909f56bfc062723c751e8b465ee728b)  -> (artifact id: '6f0cb0ee1b481d7f742efd732489b274') in 0.944854 seconds 
========================================================================
Received Import Request.
  Time since last request: 0.000095 seconds.
  path: Assets/Textures 1/NewLayer.terrainlayer
  artifactKey: Guid(2b284b562fa169248ad9d69422b8bff5) Importer(815301076,1909f56bfc062723c751e8b465ee728b)
Start importing Assets/Textures 1/NewLayer.terrainlayer using Guid(2b284b562fa169248ad9d69422b8bff5) Importer(815301076,1909f56bfc062723c751e8b465ee728b)  -> (artifact id: 'dfb66f7a0731f22f65ecddf06ec5077f') in 0.069036 seconds 
========================================================================
Received Import Request.
  Time since last request: 1.754225 seconds.
  path: Assets/Textures 1/Asphalt 1.mat
  artifactKey: Guid(b9ddf37d4eb13d342958e47d8ae1aac6) Importer(815301076,1909f56bfc062723c751e8b465ee728b)
Start importing Assets/Textures 1/Asphalt 1.mat using Guid(b9ddf37d4eb13d342958e47d8ae1aac6) Importer(815301076,1909f56bfc062723c751e8b465ee728b)  -> (artifact id: 'ae1df643a5225e8a5850114b1b0d8d88') in 0.038532 seconds 
========================================================================
Received Import Request.
  Time since last request: 0.000047 seconds.
  path: Assets/Textures 1/NewLayer.terrainlayer
  artifactKey: Guid(2b284b562fa169248ad9d69422b8bff5) Importer(815301076,1909f56bfc062723c751e8b465ee728b)
Start importing Assets/Textures 1/NewLayer.terrainlayer using Guid(2b284b562fa169248ad9d69422b8bff5) Importer(815301076,1909f56bfc062723c751e8b465ee728b)  -> (artifact id: '7f0fc22948a511befde284f25158305b') in 0.009405 seconds 
========================================================================
Received Import Request.
  Time since last request: 33.725843 seconds.
  path: Assets/Barrier Pack/Textures/crash_barrier_textures/crash_barrier_DefaultMaterial_MetallicSmoothness.png
  artifactKey: Guid(da11b5964a566ff4c96ea3a03b3eff86) Importer(815301076,1909f56bfc062723c751e8b465ee728b)
Start importing Assets/Barrier Pack/Textures/crash_barrier_textures/crash_barrier_DefaultMaterial_MetallicSmoothness.png using Guid(da11b5964a566ff4c96ea3a03b3eff86) Importer(815301076,1909f56bfc062723c751e8b465ee728b)  -> (artifact id: 'e79adf4c5cbc1017d458eb5433265ac8') in 0.056084 seconds 
========================================================================
Received Import Request.
  Time since last request: 0.000042 seconds.
  path: Assets/Barrier Pack/Textures/crash_barrier_turn_textures/crash_barrier_turn_one_DefaultMaterial_MetallicSmoothness.png
  artifactKey: Guid(2582b8b763bf7fb4c9d79399a0e9ccee) Importer(815301076,1909f56bfc062723c751e8b465ee728b)
Start importing Assets/Barrier Pack/Textures/crash_barrier_turn_textures/crash_barrier_turn_one_DefaultMaterial_MetallicSmoothness.png using Guid(2582b8b763bf7fb4c9d79399a0e9ccee) Importer(815301076,1909f56bfc062723c751e8b465ee728b)  -> (artifact id: '0319a583690c6b6407a8e6c9c3ee37f6') in 0.112852 seconds 
========================================================================
Received Import Request.
  Time since last request: 0.000044 seconds.
  path: Assets/Barrier Pack/Textures/crash_barrier_turn_textures/crash_barrier_turn_one_DefaultMaterial_AO.png
  artifactKey: Guid(ffd6360061527a047a6427990f0ef358) Importer(815301076,1909f56bfc062723c751e8b465ee728b)
Start importing Assets/Barrier Pack/Textures/crash_barrier_turn_textures/crash_barrier_turn_one_DefaultMaterial_AO.png using Guid(ffd6360061527a047a6427990f0ef358) Importer(815301076,1909f56bfc062723c751e8b465ee728b)  -> (artifact id: '271d91dee22bf4bcc206847efcd21408') in 0.057639 seconds 
========================================================================
Received Import Request.
  Time since last request: 0.000048 seconds.
  path: Assets/Barrier Pack/Textures/crash_barrier_textures/crash_barrier_DefaultMaterial_Normal.png
  artifactKey: Guid(cfe9c358831ded5488c07e8fc8bacfe8) Importer(815301076,1909f56bfc062723c751e8b465ee728b)
Start importing Assets/Barrier Pack/Textures/crash_barrier_textures/crash_barrier_DefaultMaterial_Normal.png using Guid(cfe9c358831ded5488c07e8fc8bacfe8) Importer(815301076,1909f56bfc062723c751e8b465ee728b)  -> (artifact id: 'aebaa1e08db7030cf76e11a65b6da334') in 0.103818 seconds 
========================================================================
Received Import Request.
  Time since last request: 0.000035 seconds.
  path: Assets/Barrier Pack/Textures/crash_barrier_turn_textures/crash_barrier_turn_one_DefaultMaterial_AlbedoTransparency.png
  artifactKey: Guid(d756def5451d3254f8a77105f33fee3b) Importer(815301076,1909f56bfc062723c751e8b465ee728b)
Start importing Assets/Barrier Pack/Textures/crash_barrier_turn_textures/crash_barrier_turn_one_DefaultMaterial_AlbedoTransparency.png using Guid(d756def5451d3254f8a77105f33fee3b) Importer(815301076,1909f56bfc062723c751e8b465ee728b)  -> (artifact id: '8f744fce646aeac3b7b8d37e01b12a60') in 0.053122 seconds 
